<?xml version="1.0" encoding="UTF-8"?>
<!-- Generated by org.testng.reporters.JUnitXMLReporter -->
<testsuite ignored="0" hostname="Shubh" failures="0" tests="3" name="Default test" time="0.076" errors="0" timestamp="2025-09-25T18:47:40 IST">
  <testcase classname="groupingAnnotations.SearchTest" name="searchForValidProduct" time="0.013"/>
  <testcase classname="groupingAnnotations.SearchTest" name="searchForInvalidProduct" time="0.001"/>
  <testcase classname="groupingAnnotations.SearchTest" name="searchWithoutAnySearchTeam" time="0.001"/>
</testsuite> <!-- Default test -->
