<?xml version="1.0" encoding="UTF-8"?>
<!-- Generated by org.testng.reporters.JUnitXMLReporter -->
<testsuite ignored="0" hostname="Shubh" failures="0" tests="4" name="RegisterTest" time="0.073" errors="0" timestamp="2025-09-25T12:20:06 IST">
  <testcase classname="groupingAnnotations.RegisterTest" name="registerByProvidingOnlyMandatoryFields" time="0.01"/>
  <testcase classname="groupingAnnotations.RegisterTest" name="registerByProvidingAllFields" time="0.001"/>
  <testcase classname="groupingAnnotations.RegisterTest" name="registerByNotProvidingAnyFields" time="0.001"/>
  <testcase classname="groupingAnnotations.RegisterTest" name="registerByProvidingDuplicateEmailAddress" time="0.001"/>
</testsuite> <!-- RegisterTest -->
