<?xml version="1.0" encoding="UTF-8"?>
<!-- Generated by org.testng.reporters.JUnitXMLReporter -->
<testsuite ignored="0" hostname="Shubh" failures="0" tests="3" name="SearchTest" time="0.012" errors="0" timestamp="2025-09-25T12:20:44 IST">
  <testcase classname="groupingAnnotations.SearchTest" name="searchForValidProduct" time="0.0"/>
  <testcase classname="groupingAnnotations.SearchTest" name="searchForInvalidProduct" time="0.0"/>
  <testcase classname="groupingAnnotations.SearchTest" name="searchWithoutAnySearchTeam" time="0.0"/>
</testsuite> <!-- SearchTest -->
