<?xml version="1.0" encoding="UTF-8"?>
<!-- Generated by org.testng.reporters.JUnitXMLReporter -->
<testsuite ignored="0" hostname="Shubh" failures="1" tests="8" name="Test" time="72.738" errors="0" timestamp="2025-09-25T11:59:51 IST">
  <testcase classname="com.tutorialsninja.qa.testcases.LoginTest" name="loginWithValidCredentials" time="7.498"/>
  <testcase classname="com.tutorialsninja.qa.testcases.LoginTest" name="loginWithValidCredentials" time="16.461">
    <failure type="java.lang.AssertionError" message="expected [true] but found [false]">
      <![CDATA[java.lang.AssertionError: expected [true] but found [false]
at com.tutorialsninja.qa.testcases.LoginTest.loginWithValidCredentials(LoginTest.java:40)
at java.base/java.util.ArrayList.forEach(ArrayList.java:1596)
... Removed 29 stack frames]]>
    </failure>
  </testcase> <!-- loginWithValidCredentials -->
  <testcase classname="com.tutorialsninja.qa.testcases.LoginTest" name="loginWithValidCredentials" time="6.951"/>
  <testcase classname="com.tutorialsninja.qa.testcases.RegisterTest" name="registerToTutorialsNinja" time="5.457"/>
  <testcase classname="com.tutorialsninja.qa.testcases.RegisterTest" name="registerToTutorialsNinja" time="5.633"/>
  <testcase classname="com.tutorialsninja.qa.testcases.RegisterTest" name="registerToTutorialsNinja" time="5.717"/>
  <testcase classname="com.tutorialsninja.qa.testcases.SearchTest" name="checkoutProcessWithoutLogin" time="7.275"/>
  <testcase classname="com.tutorialsninja.qa.testcases.SearchTest" name="checkOutProcessWithLogin" time="11.602"/>
</testsuite> <!-- Test -->
