<?xml version="1.0" encoding="UTF-8"?>
<testng-results ignored="0" total="3" passed="3" failed="0" skipped="0">
  <reporter-output>
  </reporter-output>
  <suite started-at="2025-09-25T18:47:40 IST" name="Default suite" finished-at="2025-09-25T18:47:40 IST" duration-ms="76">
    <groups>
      <group name="all">
        <method signature="SearchTest.searchForValidProduct()[pri:1, instance:groupingAnnotations.SearchTest@776aec5c]" name="searchForValidProduct" class="groupingAnnotations.SearchTest"/>
        <method signature="SearchTest.searchForInvalidProduct()[pri:2, instance:groupingAnnotations.SearchTest@776aec5c]" name="searchForInvalidProduct" class="groupingAnnotations.SearchTest"/>
        <method signature="SearchTest.searchWithoutAnySearchTeam()[pri:3, instance:groupingAnnotations.SearchTest@776aec5c]" name="searchWithoutAnySearchTeam" class="groupingAnnotations.SearchTest"/>
      </group> <!-- all -->
      <group name="search">
        <method signature="SearchTest.searchForValidProduct()[pri:1, instance:groupingAnnotations.SearchTest@776aec5c]" name="searchForValidProduct" class="groupingAnnotations.SearchTest"/>
        <method signature="SearchTest.searchForInvalidProduct()[pri:2, instance:groupingAnnotations.SearchTest@776aec5c]" name="searchForInvalidProduct" class="groupingAnnotations.SearchTest"/>
        <method signature="SearchTest.searchWithoutAnySearchTeam()[pri:3, instance:groupingAnnotations.SearchTest@776aec5c]" name="searchWithoutAnySearchTeam" class="groupingAnnotations.SearchTest"/>
      </group> <!-- search -->
      <group name="regression">
        <method signature="SearchTest.searchForValidProduct()[pri:1, instance:groupingAnnotations.SearchTest@776aec5c]" name="searchForValidProduct" class="groupingAnnotations.SearchTest"/>
        <method signature="SearchTest.searchForInvalidProduct()[pri:2, instance:groupingAnnotations.SearchTest@776aec5c]" name="searchForInvalidProduct" class="groupingAnnotations.SearchTest"/>
        <method signature="SearchTest.searchWithoutAnySearchTeam()[pri:3, instance:groupingAnnotations.SearchTest@776aec5c]" name="searchWithoutAnySearchTeam" class="groupingAnnotations.SearchTest"/>
      </group> <!-- regression -->
      <group name="smoke">
        <method signature="SearchTest.searchForValidProduct()[pri:1, instance:groupingAnnotations.SearchTest@776aec5c]" name="searchForValidProduct" class="groupingAnnotations.SearchTest"/>
      </group> <!-- smoke -->
      <group name="sanity">
        <method signature="SearchTest.searchForValidProduct()[pri:1, instance:groupingAnnotations.SearchTest@776aec5c]" name="searchForValidProduct" class="groupingAnnotations.SearchTest"/>
        <method signature="SearchTest.searchForInvalidProduct()[pri:2, instance:groupingAnnotations.SearchTest@776aec5c]" name="searchForInvalidProduct" class="groupingAnnotations.SearchTest"/>
        <method signature="SearchTest.searchWithoutAnySearchTeam()[pri:3, instance:groupingAnnotations.SearchTest@776aec5c]" name="searchWithoutAnySearchTeam" class="groupingAnnotations.SearchTest"/>
      </group> <!-- sanity -->
    </groups>
    <test started-at="2025-09-25T18:47:40 IST" name="Default test" finished-at="2025-09-25T18:47:40 IST" duration-ms="76">
      <class name="groupingAnnotations.SearchTest">
        <test-method signature="searchForValidProduct()[pri:1, instance:groupingAnnotations.SearchTest@776aec5c]" started-at="2025-09-25T18:47:40 IST" name="searchForValidProduct" finished-at="2025-09-25T18:47:40 IST" duration-ms="13" status="PASS">
          <reporter-output>
          </reporter-output>
        </test-method> <!-- searchForValidProduct -->
        <test-method signature="searchForInvalidProduct()[pri:2, instance:groupingAnnotations.SearchTest@776aec5c]" started-at="2025-09-25T18:47:40 IST" name="searchForInvalidProduct" finished-at="2025-09-25T18:47:40 IST" duration-ms="1" status="PASS">
          <reporter-output>
          </reporter-output>
        </test-method> <!-- searchForInvalidProduct -->
        <test-method signature="searchWithoutAnySearchTeam()[pri:3, instance:groupingAnnotations.SearchTest@776aec5c]" started-at="2025-09-25T18:47:40 IST" name="searchWithoutAnySearchTeam" finished-at="2025-09-25T18:47:40 IST" duration-ms="1" status="PASS">
          <reporter-output>
          </reporter-output>
        </test-method> <!-- searchWithoutAnySearchTeam -->
      </class> <!-- groupingAnnotations.SearchTest -->
    </test> <!-- Default test -->
  </suite> <!-- Default suite -->
</testng-results>
